Traceback (most recent call last):
  File "/usr/local/python/3.12.1/lib/python3.12/site-packages/jupyter_cache/executors/utils.py", line 58, in single_nb_execution
    executenb(
  File "/home/codespace/.local/lib/python3.12/site-packages/nbclient/client.py", line 1319, in execute
    return NotebookClient(nb=nb, resources=resources, km=km, **kwargs).execute()
           ^^^^^^^^^^^^^^^^^^^^^^^^^^^^^^^^^^^^^^^^^^^^^^^^^^^^^^^^^^^^^^^^^^^^^
  File "/home/codespace/.local/lib/python3.12/site-packages/jupyter_core/utils/__init__.py", line 165, in wrapped
    return loop.run_until_complete(inner)
           ^^^^^^^^^^^^^^^^^^^^^^^^^^^^^^
  File "/usr/local/python/3.12.1/lib/python3.12/asyncio/base_events.py", line 684, in run_until_complete
    return future.result()
           ^^^^^^^^^^^^^^^
  File "/home/codespace/.local/lib/python3.12/site-packages/nbclient/client.py", line 709, in async_execute
    await self.async_execute_cell(
  File "/home/codespace/.local/lib/python3.12/site-packages/nbclient/client.py", line 1062, in async_execute_cell
    await self._check_raise_for_error(cell, cell_index, exec_reply)
  File "/home/codespace/.local/lib/python3.12/site-packages/nbclient/client.py", line 918, in _check_raise_for_error
    raise CellExecutionError.from_cell_and_msg(cell, exec_reply_content)
nbclient.exceptions.CellExecutionError: An error occurred while executing the following cell:
------------------
## Generacion de resiudals

fitted_values = ols_model.fittedvalues
residuals = ols_model.resid

## Particion de grafica
fig, axes = plt.subplots(2, 2, figsize=(12, 10))
 
# 1. Histograma de resiudal
sns.histplot(residuals, kde=True, bins=30, color="skyblue", ax=axes[0,0])
axes[0,0].set_title("Histograma de resiudal")
axes[0,0].set_xlabel("resiudals")
axes[0,0].set_ylabel("Frecuencia")
 
# 2. Q-Q plot
stats.probplot(residuals, dist="norm", plot=axes[0,1])
axes[0,1].set_title("Q-Q plot de resiudal")
 
# 3. resiudals vs valores ajustados
axes[1,0].scatter(fitted_values, residuals, alpha=0.6, color="purple")
axes[1,0].axhline(y=0, color="red", linestyle="--")
axes[1,0].set_title("resiudal vs Valores ajustados")
axes[1,0].set_xlabel("Valoresiudals ajustados")
axes[1,0].set_ylabel("resiudals")

# 4. Densidad de resiudal
sns.kdeplot(residuals, color="green", fill=True, ax=axes[1,1])
axes[1,1].set_title("Densidad de resiudals")
axes[1,1].set_xlabel("resiudals")
plt.tight_layout()

plt.show()
 
------------------


[31m---------------------------------------------------------------------------[39m
[31mNameError[39m                                 Traceback (most recent call last)
[36mCell[39m[36m [39m[32mIn[2][39m[32m, line 3[39m
[32m      1[39m [38;5;66;03m## Generacion de resiudals[39;00m
[32m----> [39m[32m3[39m fitted_values = [43mols_model[49m.fittedvalues
[32m      4[39m residuals = ols_model.resid
[32m      6[39m [38;5;66;03m## Particion de grafica[39;00m

[31mNameError[39m: name 'ols_model' is not defined

