Traceback (most recent call last):
  File "/usr/local/python/3.12.1/lib/python3.12/site-packages/jupyter_cache/executors/utils.py", line 58, in single_nb_execution
    executenb(
  File "/home/codespace/.local/lib/python3.12/site-packages/nbclient/client.py", line 1319, in execute
    return NotebookClient(nb=nb, resources=resources, km=km, **kwargs).execute()
           ^^^^^^^^^^^^^^^^^^^^^^^^^^^^^^^^^^^^^^^^^^^^^^^^^^^^^^^^^^^^^^^^^^^^^
  File "/home/codespace/.local/lib/python3.12/site-packages/jupyter_core/utils/__init__.py", line 165, in wrapped
    return loop.run_until_complete(inner)
           ^^^^^^^^^^^^^^^^^^^^^^^^^^^^^^
  File "/usr/local/python/3.12.1/lib/python3.12/asyncio/base_events.py", line 684, in run_until_complete
    return future.result()
           ^^^^^^^^^^^^^^^
  File "/home/codespace/.local/lib/python3.12/site-packages/nbclient/client.py", line 709, in async_execute
    await self.async_execute_cell(
  File "/home/codespace/.local/lib/python3.12/site-packages/nbclient/client.py", line 1062, in async_execute_cell
    await self._check_raise_for_error(cell, cell_index, exec_reply)
  File "/home/codespace/.local/lib/python3.12/site-packages/nbclient/client.py", line 918, in _check_raise_for_error
    raise CellExecutionError.from_cell_and_msg(cell, exec_reply_content)
nbclient.exceptions.CellExecutionError: An error occurred while executing the following cell:
------------------
import pickle
from statsmodels.stats.diagnostic import acorr_ljungbox

# 1) Cargar el modelo OLS guardado
with open("../models/ols_model.pkl", "rb") as f:
    ols_model = pickle.load(f)

# 2) Heurística de maxlags según tamaño de muestra (Newey–West)
resid = ols_model.resid
T = len(resid)
heuristic_maxlags = int(np.floor(4 * (T / 100.0) ** (2.0 / 9.0)))
heuristic_maxlags = max(1, heuristic_maxlags)

# 3) Opcional: ajustar por frecuencia (ejemplo: mensual, cap en 12)
# freq_cap = 12
# maxlags = min(heuristic_maxlags, freq_cap)

maxlags = heuristic_maxlags

# 4) Diagnóstico rápido con Ljung–Box en el lag elegido
lb = acorr_ljungbox(resid, lags=[maxlags], return_df=True)
print(f"Ljung–Box p-value at lag={maxlags}: {lb['lb_pvalue'].iloc[-1]:.4f}")

# 5) Aplicar HAC (Newey–West)
modelo_hac = ols_model.get_robustcov_results(cov_type="HAC", maxlags=maxlags)

# 6) Resumen con errores estándar corregidos
print(modelo_hac.summary())
------------------


[31m---------------------------------------------------------------------------[39m
[31mFileNotFoundError[39m                         Traceback (most recent call last)
[36mCell[39m[36m [39m[32mIn[4][39m[32m, line 5[39m
[32m      2[39m [38;5;28;01mfrom[39;00m[38;5;250m [39m[34;01mstatsmodels[39;00m[34;01m.[39;00m[34;01mstats[39;00m[34;01m.[39;00m[34;01mdiagnostic[39;00m[38;5;250m [39m[38;5;28;01mimport[39;00m acorr_ljungbox
[32m      4[39m [38;5;66;03m# 1) Cargar el modelo OLS guardado[39;00m
[32m----> [39m[32m5[39m [38;5;28;01mwith[39;00m [38;5;28;43mopen[39;49m[43m([49m[33;43m"[39;49m[33;43m../models/ols_model.pkl[39;49m[33;43m"[39;49m[43m,[49m[43m [49m[33;43m"[39;49m[33;43mrb[39;49m[33;43m"[39;49m[43m)[49m [38;5;28;01mas[39;00m f:
[32m      6[39m     ols_model = pickle.load(f)
[32m      8[39m [38;5;66;03m# 2) Heurística de maxlags según tamaño de muestra (Newey–West)[39;00m

[36mFile [39m[32m~/.local/lib/python3.12/site-packages/IPython/core/interactiveshell.py:343[39m, in [36m_modified_open[39m[34m(file, *args, **kwargs)[39m
[32m    336[39m [38;5;28;01mif[39;00m file [38;5;129;01min[39;00m {[32m0[39m, [32m1[39m, [32m2[39m}:
[32m    337[39m     [38;5;28;01mraise[39;00m [38;5;167;01mValueError[39;00m(
[32m    338[39m         [33mf[39m[33m"[39m[33mIPython won[39m[33m'[39m[33mt let you open fd=[39m[38;5;132;01m{[39;00mfile[38;5;132;01m}[39;00m[33m by default [39m[33m"[39m
[32m    339[39m         [33m"[39m[33mas it is likely to crash IPython. If you know what you are doing, [39m[33m"[39m
[32m    340[39m         [33m"[39m[33myou can use builtins[39m[33m'[39m[33m open.[39m[33m"[39m
[32m    341[39m     )
[32m--> [39m[32m343[39m [38;5;28;01mreturn[39;00m [43mio_open[49m[43m([49m[43mfile[49m[43m,[49m[43m [49m[43m*[49m[43margs[49m[43m,[49m[43m [49m[43m*[49m[43m*[49m[43mkwargs[49m[43m)[49m

[31mFileNotFoundError[39m: [Errno 2] No such file or directory: '../models/ols_model.pkl'

